<?xml version="1.0" encoding="UTF-8"?>
<testng-results ignored="0" total="1" passed="1" failed="0" skipped="0">
  <reporter-output>
  </reporter-output>
  <suite started-at="2023-10-27T08:23:11 IST" name="Default suite" finished-at="2023-10-27T08:23:11 IST" duration-ms="43">
    <groups>
    </groups>
    <test started-at="2023-10-27T08:23:11 IST" name="Default test" finished-at="2023-10-27T08:23:11 IST" duration-ms="43">
      <class name="Java_Package.Test1">
        <test-method signature="b()[pri:0, instance:Java_Package.Test1@5ba3f27a]" started-at="2023-10-27T08:23:11 IST" name="b" finished-at="2023-10-27T08:23:11 IST" duration-ms="8" status="PASS">
          <reporter-output>
          </reporter-output>
        </test-method> <!-- b -->
      </class> <!-- Java_Package.Test1 -->
    </test> <!-- Default test -->
  </suite> <!-- Default suite -->
</testng-results>
